<?xml version="1.0" encoding="UTF-8"?>
<testsuite xmlns:xsi="http://www.w3.org/2001/XMLSchema-instance" xsi:noNamespaceSchemaLocation="https://maven.apache.org/surefire/maven-surefire-plugin/xsd/surefire-test-report.xsd" name="com.example.trademanagementmicroservice.TradeManagementTest" time="8.879" tests="4" errors="0" skipped="0" failures="1">
  <properties>
[...]
</properties>
  <testcase name="UT_TC_002_001_001_001" classname="com.example.trademanagementmicroservice.TradeManagementTest" time="2.091">
    <failure message="expected: &lt;fundID cannot be empty&gt; but was: &lt;fundID must be at least 6 characters long&gt;" type="org.opentest4j.AssertionFailedError"><![CDATA[org.opentest4j.AssertionFailedError: expected: <fundID cannot be empty> but was: <fundID must be at least 6 characters long>
	at com.example.trademanagementmicroservice.TradeManagementTest.UT_TC_002_001_001_001(TradeManagementTest.java:47)
]]></failure>
    <system-out><![CDATA[15:01:24.497 [main] INFO org.springframework.test.context.support.AnnotationConfigContextLoaderUtils -- Could not detect default configuration classes for test class [com.example.trademanagementmicroservice.TradeManagementTest]: TradeManagementTest does not declare any static, non-private, non-final, nested classes annotated with @Configuration.
15:01:24.645 [main] INFO org.springframework.boot.test.context.SpringBootTestContextBootstrapper -- Found @SpringBootConfiguration com.example.trademanagementmicroservice.TradeManagementMicroserviceApplication for test class com.example.trademanagementmicroservice.TradeManagementTest
15:01:24.863 [main] INFO org.springframework.boot.devtools.restart.RestartApplicationListener -- Restart disabled due to context in which it is running
2024-06-23T15:01:25.606+08:00  INFO 28304 --- [TradeManagementMicroservices] [           main] c.a.n.client.env.SearchableProperties    : properties search order:PROPERTIES->JVM->ENV->DEFAULT_SETTING
2024-06-23T15:01:25.610+08:00  WARN 28304 --- [TradeManagementMicroservices] [           main] c.a.nacos.client.logging.NacosLogging    : Load Logback Configuration of Nacos fail, message: org/slf4j/impl/StaticLoggerBinder

  .   ____          _            __ _ _
 /\\ / ___'_ __ _ _(_)_ __  __ _ \ \ \ \
( ( )\___ | '_ | '_| | '_ \/ _` | \ \ \ \
 \\/  ___)| |_)| | | | | || (_| |  ) ) ) )
  '  |____| .__|_| |_|_| |_\__, | / / / /
 =========|_|==============|___/=/_/_/_/
 :: Spring Boot ::                (v3.2.1)

2024-06-23T15:01:25.655+08:00  WARN 28304 --- [TradeManagementMicroservices] [           main] ory$DuplicateJsonObjectContextCustomizer : 

Found multiple occurrences of org.json.JSONObject on the class path:

	jar:file:/C:/Users/86132/.m2/repository/com/vaadin/external/google/android-json/0.0.20131108.vaadin1/android-json-0.0.20131108.vaadin1.jar!/org/json/JSONObject.class
	jar:file:/C:/Users/86132/.m2/repository/org/json/json/20210307/json-20210307.jar!/org/json/JSONObject.class

You may wish to exclude one of them to ensure predictable runtime behavior

2024-06-23T15:01:25.699+08:00  INFO 28304 --- [TradeManagementMicroservices] [           main] c.e.t.TradeManagementTest                : Starting TradeManagementTest using Java 20.0.1 with PID 28304 (started by 86132 in E:\2024春\软件测试\final\TradeManagementMicroservice)
2024-06-23T15:01:25.701+08:00  INFO 28304 --- [TradeManagementMicroservices] [           main] c.e.t.TradeManagementTest                : No active profile set, falling back to 1 default profile: "default"
2024-06-23T15:01:27.310+08:00  WARN 28304 --- [TradeManagementMicroservices] [           main] o.m.s.mapper.ClassPathMapperScanner      : No MyBatis mapper was found in '[com.example.trademanagementmicroservice]' package. Please check your configuration.
2024-06-23T15:01:27.447+08:00  INFO 28304 --- [TradeManagementMicroservices] [           main] o.s.cloud.context.scope.GenericScope     : BeanFactory id=16aae3b3-7ce9-3eab-bb1e-8365e1858300
2024-06-23T15:01:27.745+08:00  WARN 28304 --- [TradeManagementMicroservices] [           main] trationDelegate$BeanPostProcessorChecker : Bean 'org.springframework.cloud.client.loadbalancer.LoadBalancerAutoConfiguration$LoadBalancerInterceptorConfig' of type [org.springframework.cloud.client.loadbalancer.LoadBalancerAutoConfiguration$LoadBalancerInterceptorConfig] is not eligible for getting processed by all BeanPostProcessors (for example: not eligible for auto-proxying). The currently created BeanPostProcessor [lbRestClientPostProcessor] is declared through a non-static factory method on that class; consider declaring it as static instead.
2024-06-23T15:01:27.749+08:00  WARN 28304 --- [TradeManagementMicroservices] [           main] trationDelegate$BeanPostProcessorChecker : Bean 'org.springframework.cloud.loadbalancer.config.BlockingLoadBalancerClientAutoConfiguration' of type [org.springframework.cloud.loadbalancer.config.BlockingLoadBalancerClientAutoConfiguration] is not eligible for getting processed by all BeanPostProcessors (for example: not eligible for auto-proxying). Is this bean getting eagerly injected into a currently created BeanPostProcessor [lbRestClientPostProcessor]? Check the corresponding BeanPostProcessor declaration and its dependencies.
2024-06-23T15:01:27.752+08:00  WARN 28304 --- [TradeManagementMicroservices] [           main] trationDelegate$BeanPostProcessorChecker : Bean 'org.springframework.cloud.loadbalancer.config.LoadBalancerAutoConfiguration' of type [org.springframework.cloud.loadbalancer.config.LoadBalancerAutoConfiguration] is not eligible for getting processed by all BeanPostProcessors (for example: not eligible for auto-proxying). Is this bean getting eagerly injected into a currently created BeanPostProcessor [lbRestClientPostProcessor]? Check the corresponding BeanPostProcessor declaration and its dependencies.
2024-06-23T15:01:27.767+08:00  WARN 28304 --- [TradeManagementMicroservices] [           main] trationDelegate$BeanPostProcessorChecker : Bean 'org.springframework.cloud.commons.config.CommonsConfigAutoConfiguration' of type [org.springframework.cloud.commons.config.CommonsConfigAutoConfiguration] is not eligible for getting processed by all BeanPostProcessors (for example: not eligible for auto-proxying). Is this bean getting eagerly injected into a currently created BeanPostProcessor [lbRestClientPostProcessor]? Check the corresponding BeanPostProcessor declaration and its dependencies.
2024-06-23T15:01:27.770+08:00  WARN 28304 --- [TradeManagementMicroservices] [           main] trationDelegate$BeanPostProcessorChecker : Bean 'org.springframework.cloud.client.loadbalancer.LoadBalancerDefaultMappingsProviderAutoConfiguration' of type [org.springframework.cloud.client.loadbalancer.LoadBalancerDefaultMappingsProviderAutoConfiguration] is not eligible for getting processed by all BeanPostProcessors (for example: not eligible for auto-proxying). Is this bean getting eagerly injected into a currently created BeanPostProcessor [lbRestClientPostProcessor]? Check the corresponding BeanPostProcessor declaration and its dependencies.
2024-06-23T15:01:27.772+08:00  WARN 28304 --- [TradeManagementMicroservices] [           main] trationDelegate$BeanPostProcessorChecker : Bean 'loadBalancerClientsDefaultsMappingsProvider' of type [org.springframework.cloud.client.loadbalancer.LoadBalancerDefaultMappingsProviderAutoConfiguration$$Lambda$857/0x000000080140e718] is not eligible for getting processed by all BeanPostProcessors (for example: not eligible for auto-proxying). Is this bean getting eagerly injected into a currently created BeanPostProcessor [lbRestClientPostProcessor]? Check the corresponding BeanPostProcessor declaration and its dependencies.
2024-06-23T15:01:27.774+08:00  WARN 28304 --- [TradeManagementMicroservices] [           main] trationDelegate$BeanPostProcessorChecker : Bean 'defaultsBindHandlerAdvisor' of type [org.springframework.cloud.commons.config.DefaultsBindHandlerAdvisor] is not eligible for getting processed by all BeanPostProcessors (for example: not eligible for auto-proxying). Is this bean getting eagerly injected into a currently created BeanPostProcessor [lbRestClientPostProcessor]? Check the corresponding BeanPostProcessor declaration and its dependencies.
2024-06-23T15:01:27.789+08:00  WARN 28304 --- [TradeManagementMicroservices] [           main] trationDelegate$BeanPostProcessorChecker : Bean 'spring.cloud.loadbalancer-org.springframework.cloud.client.loadbalancer.LoadBalancerClientsProperties' of type [org.springframework.cloud.client.loadbalancer.LoadBalancerClientsProperties] is not eligible for getting processed by all BeanPostProcessors (for example: not eligible for auto-proxying). Is this bean getting eagerly injected into a currently created BeanPostProcessor [lbRestClientPostProcessor]? Check the corresponding BeanPostProcessor declaration and its dependencies.
2024-06-23T15:01:27.804+08:00  WARN 28304 --- [TradeManagementMicroservices] [           main] trationDelegate$BeanPostProcessorChecker : Bean 'default.org.springframework.cloud.loadbalancer.config.LoadBalancerAutoConfiguration.LoadBalancerClientSpecification' of type [org.springframework.cloud.loadbalancer.annotation.LoadBalancerClientSpecification] is not eligible for getting processed by all BeanPostProcessors (for example: not eligible for auto-proxying). Is this bean getting eagerly injected into a currently created BeanPostProcessor [lbRestClientPostProcessor]? Check the corresponding BeanPostProcessor declaration and its dependencies.
2024-06-23T15:01:27.807+08:00  WARN 28304 --- [TradeManagementMicroservices] [           main] trationDelegate$BeanPostProcessorChecker : Bean 'default.org.springframework.cloud.loadbalancer.config.BlockingLoadBalancerClientAutoConfiguration.LoadBalancerClientSpecification' of type [org.springframework.cloud.loadbalancer.annotation.LoadBalancerClientSpecification] is not eligible for getting processed by all BeanPostProcessors (for example: not eligible for auto-proxying). Is this bean getting eagerly injected into a currently created BeanPostProcessor [lbRestClientPostProcessor]? Check the corresponding BeanPostProcessor declaration and its dependencies.
2024-06-23T15:01:27.810+08:00  WARN 28304 --- [TradeManagementMicroservices] [           main] trationDelegate$BeanPostProcessorChecker : Bean 'loadBalancerClientFactory' of type [org.springframework.cloud.loadbalancer.support.LoadBalancerClientFactory] is not eligible for getting processed by all BeanPostProcessors (for example: not eligible for auto-proxying). Is this bean getting eagerly injected into a currently created BeanPostProcessor [lbRestClientPostProcessor]? Check the corresponding BeanPostProcessor declaration and its dependencies.
2024-06-23T15:01:27.819+08:00  WARN 28304 --- [TradeManagementMicroservices] [           main] trationDelegate$BeanPostProcessorChecker : Bean 'blockingLoadBalancerClient' of type [org.springframework.cloud.loadbalancer.blocking.client.BlockingLoadBalancerClient] is not eligible for getting processed by all BeanPostProcessors (for example: not eligible for auto-proxying). Is this bean getting eagerly injected into a currently created BeanPostProcessor [lbRestClientPostProcessor]? Check the corresponding BeanPostProcessor declaration and its dependencies.
2024-06-23T15:01:27.832+08:00  WARN 28304 --- [TradeManagementMicroservices] [           main] trationDelegate$BeanPostProcessorChecker : Bean 'loadBalancerServiceInstanceCookieTransformer' of type [org.springframework.cloud.loadbalancer.core.LoadBalancerServiceInstanceCookieTransformer] is not eligible for getting processed by all BeanPostProcessors (for example: not eligible for auto-proxying). Is this bean getting eagerly injected into a currently created BeanPostProcessor [lbRestClientPostProcessor]? Check the corresponding BeanPostProcessor declaration and its dependencies.
2024-06-23T15:01:27.834+08:00  WARN 28304 --- [TradeManagementMicroservices] [           main] trationDelegate$BeanPostProcessorChecker : Bean 'xForwarderHeadersTransformer' of type [org.springframework.cloud.loadbalancer.blocking.XForwardedHeadersTransformer] is not eligible for getting processed by all BeanPostProcessors (for example: not eligible for auto-proxying). Is this bean getting eagerly injected into a currently created BeanPostProcessor [lbRestClientPostProcessor]? Check the corresponding BeanPostProcessor declaration and its dependencies.
2024-06-23T15:01:27.837+08:00  WARN 28304 --- [TradeManagementMicroservices] [           main] trationDelegate$BeanPostProcessorChecker : Bean 'org.springframework.cloud.client.loadbalancer.LoadBalancerAutoConfiguration' of type [org.springframework.cloud.client.loadbalancer.LoadBalancerAutoConfiguration] is not eligible for getting processed by all BeanPostProcessors (for example: not eligible for auto-proxying). Is this bean getting eagerly injected into a currently created BeanPostProcessor [lbRestClientPostProcessor]? Check the corresponding BeanPostProcessor declaration and its dependencies.
2024-06-23T15:01:27.840+08:00  WARN 28304 --- [TradeManagementMicroservices] [           main] trationDelegate$BeanPostProcessorChecker : Bean 'loadBalancerRequestFactory' of type [org.springframework.cloud.client.loadbalancer.LoadBalancerRequestFactory] is not eligible for getting processed by all BeanPostProcessors (for example: not eligible for auto-proxying). Is this bean getting eagerly injected into a currently created BeanPostProcessor [lbRestClientPostProcessor]? Check the corresponding BeanPostProcessor declaration and its dependencies.
2024-06-23T15:01:27.842+08:00  WARN 28304 --- [TradeManagementMicroservices] [           main] trationDelegate$BeanPostProcessorChecker : Bean 'loadBalancerInterceptor' of type [org.springframework.cloud.client.loadbalancer.LoadBalancerInterceptor] is not eligible for getting processed by all BeanPostProcessors (for example: not eligible for auto-proxying). Is this bean getting eagerly injected into a currently created BeanPostProcessor [lbRestClientPostProcessor]? Check the corresponding BeanPostProcessor declaration and its dependencies.
2024-06-23T15:01:28.098+08:00  INFO 28304 --- [TradeManagementMicroservices] [           main] o.s.c.openfeign.FeignClientFactoryBean   : For 'InformationMaintenanceMicroservice' URL not provided. Will try picking an instance via load-balancing.
2024-06-23T15:01:28.217+08:00  INFO 28304 --- [TradeManagementMicroservices] [           main] o.s.c.openfeign.FeignClientFactoryBean   : For 'AccountManagementMicroservice' URL not provided. Will try picking an instance via load-balancing.
2024-06-23T15:01:28.277+08:00  INFO 28304 --- [TradeManagementMicroservices] [           main] o.s.c.openfeign.FeignClientFactoryBean   : For 'MessageNotificationMicroservice' URL not provided. Will try picking an instance via load-balancing.
2024-06-23T15:01:28.330+08:00  INFO 28304 --- [TradeManagementMicroservices] [           main] o.s.c.openfeign.FeignClientFactoryBean   : For 'CashManagementMicroservice' URL not provided. Will try picking an instance via load-balancing.
2024-06-23T15:01:28.395+08:00  INFO 28304 --- [TradeManagementMicroservices] [           main] o.s.c.openfeign.FeignClientFactoryBean   : For 'bankCardsys' URL not provided. Will try picking an instance via load-balancing.
INFO: Sentinel log output type is: file
INFO: Sentinel log charset is: utf-8
INFO: Sentinel log base directory is: C:\Users\86132\logs\csp\
INFO: Sentinel log name use pid is: false
INFO: Sentinel log level is: INFO
2024-06-23T15:01:30.601+08:00  WARN 28304 --- [TradeManagementMicroservices] [           main] iguration$LoadBalancerCaffeineWarnLogger : Spring Cloud LoadBalancer is currently working with the default cache. While this cache implementation is useful for development and tests, it's recommended to use Caffeine cache in production.You can switch to using Caffeine cache, by adding it and org.springframework.cache.caffeine.CaffeineCacheManager to the classpath.
2024-06-23T15:01:30.648+08:00  INFO 28304 --- [TradeManagementMicroservices] [           main] c.e.t.TradeManagementTest                : Started TradeManagementTest in 5.812 seconds (process running for 7.135)
2024-06-23T15:01:30.714+08:00  INFO 28304 --- [TradeManagementMicroservices] [           main] com.zaxxer.hikari.HikariDataSource       : HikariPool-1 - Starting...
2024-06-23T15:01:31.265+08:00  INFO 28304 --- [TradeManagementMicroservices] [           main] com.zaxxer.hikari.pool.HikariPool        : HikariPool-1 - Added connection com.mysql.cj.jdbc.ConnectionImpl@ff1f465
2024-06-23T15:01:31.267+08:00  INFO 28304 --- [TradeManagementMicroservices] [           main] com.zaxxer.hikari.HikariDataSource       : HikariPool-1 - Start completed.
测试开始:
测试结束!
]]></system-out>
  </testcase>
  <testcase name="UT_TC_002_001_002_001" classname="com.example.trademanagementmicroservice.TradeManagementTest" time="0.119"/>
  <testcase name="UT_TC_002_001_003_001" classname="com.example.trademanagementmicroservice.TradeManagementTest" time="0.118"/>
  <testcase name="UT_TC_002_001_004_001" classname="com.example.trademanagementmicroservice.TradeManagementTest" time="0.116"/>
</testsuite>